[bigdata] 2017/06/12 14:05:43 [Info ] oracle.go:176 oracle.go func init() > init oracle db
[bigdata] 2017/06/12 14:05:43 [Info ] oracle.go:33 set NLS_LANG = AMERICAN_AMERICA.AL32UTF8
[bigdata] 2017/06/12 14:05:43 [Info ] oracle.go:47 tnsname info is : 172.168.171.250:1521/APPDEV
[bigdata] 2017/06/12 14:05:43 [Debug] oracle.go:54 create Oracle obj success.
[bigdata] 2017/06/12 14:05:43 [Info ] dbobj.go:62 init default db ,which is  oracle
[bigdatah] 2017/06/12 14:05:43 [Info ] dbobj.go:48 default db is  oracle
[bigdata] 2017/06/12 14:10:04 [Info ] oracle.go:176 oracle.go func init() > init oracle db
[bigdata] 2017/06/12 14:10:04 [Info ] oracle.go:33 set NLS_LANG = AMERICAN_AMERICA.AL32UTF8
[bigdata] 2017/06/12 14:10:04 [Info ] oracle.go:47 tnsname info is : 172.168.171.250:1521/APPDEV
[bigdata] 2017/06/12 14:10:04 [Debug] oracle.go:54 create Oracle obj success.
[bigdata] 2017/06/12 14:10:04 [Info ] dbobj.go:62 init default db ,which is  oracle
[bigdatah] 2017/06/12 14:10:04 [Info ] dbobj.go:48 default db is  oracle
[bigdata] 2017/06/12 14:21:12 [Info ] oracle.go:176 oracle.go func init() > init oracle db
[bigdata] 2017/06/12 14:21:12 [Info ] oracle.go:33 set NLS_LANG = AMERICAN_AMERICA.AL32UTF8
[bigdata] 2017/06/12 14:21:12 [Info ] oracle.go:47 tnsname info is : 172.168.171.250:1521/APPDEV
[bigdata] 2017/06/12 14:21:12 [Debug] oracle.go:54 create Oracle obj success.
[bigdata] 2017/06/12 14:21:12 [Info ] dbobj.go:62 init default db ,which is  oracle
[bigdatah] 2017/06/12 14:21:12 [Info ] dbobj.go:48 default db is  oracle
[bigdata] 2017/06/12 14:22:21 [Info ] oracle.go:176 oracle.go func init() > init oracle db
[bigdata] 2017/06/12 14:22:21 [Info ] oracle.go:33 set NLS_LANG = AMERICAN_AMERICA.AL32UTF8
[bigdata] 2017/06/12 14:22:21 [Info ] oracle.go:47 tnsname info is : 172.168.171.250:1521/APPDEV
[bigdata] 2017/06/12 14:22:21 [Debug] oracle.go:54 create Oracle obj success.
[bigdata] 2017/06/12 14:22:21 [Info ] dbobj.go:62 init default db ,which is  oracle
[bigdatah] 2017/06/12 14:22:21 [Info ] dbobj.go:48 default db is  oracle
[bigdata] 2017/06/12 14:25:50 [Info ] oracle.go:176 oracle.go func init() > init oracle db
[bigdata] 2017/06/12 14:25:50 [Info ] oracle.go:33 set NLS_LANG = AMERICAN_AMERICA.AL32UTF8
[bigdata] 2017/06/12 14:25:50 [Info ] oracle.go:47 tnsname info is : 172.168.171.250:1521/APPDEV
[bigdata] 2017/06/12 14:25:50 [Debug] oracle.go:54 create Oracle obj success.
[bigdata] 2017/06/12 14:25:50 [Info ] dbobj.go:62 init default db ,which is  oracle
[bigdatah] 2017/06/12 14:25:50 [Info ] dbobj.go:48 default db is  oracle
[bigdata] 2017/06/12 14:29:02 [Info ] oracle.go:176 oracle.go func init() > init oracle db
[bigdata] 2017/06/12 14:29:02 [Info ] oracle.go:33 set NLS_LANG = AMERICAN_AMERICA.AL32UTF8
[bigdata] 2017/06/12 14:29:02 [Info ] oracle.go:47 tnsname info is : 172.168.171.250:1521/APPDEV
[bigdata] 2017/06/12 14:29:02 [Debug] oracle.go:54 create Oracle obj success.
[bigdata] 2017/06/12 14:29:02 [Info ] dbobj.go:62 init default db ,which is  oracle
[bigdatah] 2017/06/12 14:29:02 [Info ] dbobj.go:48 default db is  oracle
